<?xml version="1.0" encoding="UTF-8"?>
<!-- Generated by org.testng.reporters.JUnitReportReporter -->
<testsuite hostname="DESKTOP-TFDUOI2" failures="0" tests="1" name="mavenForJenkins.UITest" time="15.935" errors="0" timestamp="21 Feb 2022 07:50:55 GMT" skipped="0">
  <testcase classname="mavenForJenkins.UITest" name="startBrowser" time="15.935"/>
</testsuite> <!-- mavenForJenkins.UITest -->
